<?xml version="1.0" encoding="UTF-8"?>
<!-- Generated by org.testng.reporters.JUnitReportReporter -->
<testsuite skipped="0" hostname="Lab-637618565692112620-1" name="CS.CS1Hybrid.HomePage" tests="1" failures="0" timestamp="2021-09-30T08:11:22 IST" time="17.626" errors="0">
  <testcase name="TCase1" time="17.626" classname="CS.CS1Hybrid.HomePage"/>
  <system-out/>
</testsuite> <!-- CS.CS1Hybrid.HomePage -->
