<?xml version="1.0" encoding="UTF-8"?>
<!-- Generated by org.testng.reporters.JUnitReportReporter -->
<testsuite skipped="0" hostname="Lab-637618565692112620-1" name="resources.ExtentReporterNG" tests="1" failures="0" timestamp="2021-09-26T16:31:28 IST" time="0.043" errors="0">
  <testcase name="logsGeneration" time="0.043" classname="resources.ExtentReporterNG"/>
  <system-out/>
</testsuite> <!-- resources.ExtentReporterNG -->
