<?xml version="1.0" encoding="UTF-8"?>
<!-- Generated by org.testng.reporters.JUnitReportReporter -->
<testsuite skipped="0" hostname="Lab-637618565692112620-1" name="cucumberOptions.TestRunner" tests="1" failures="0" timestamp="2021-09-26T14:21:18 IST" time="126.039" errors="0">
  <testcase name="feature" time="126.039" classname="cucumberOptions.TestRunner"/>
  <system-out/>
</testsuite> <!-- cucumberOptions.TestRunner -->
